{"level":"info","time":"2021-02-22T15:54:12.313+0530","caller":"cobra/command.go:854","msg":"LambdaTest Tunnel version: 3.1.7"}
{"level":"debug","time":"2021-02-22T15:54:12.317+0530","caller":"cmd/lt.go:155","msg":"Starting pipeline....."}
{"level":"debug","time":"2021-02-22T15:54:12.318+0530","caller":"cmd/lt.go:155","msg":"Fetching config"}
{"level":"debug","time":"2021-02-22T15:54:13.792+0530","caller":"cmd/lt.go:155","msg":"Remote config fetched"}
{"level":"debug","time":"2021-02-22T15:54:13.792+0530","caller":"core/lifecycle.go:136","msg":"Starting API server"}
{"level":"debug","time":"2021-02-22T15:54:13.792+0530","caller":"core/lifecycle.go:122","msg":"Starting sink proxy"}
{"level":"debug","time":"2021-02-22T15:54:13.792+0530","caller":"runtime/asm_amd64.s:1373","msg":"Trying on port 443"}
{"level":"debug","time":"2021-02-22T15:54:13.792+0530","caller":"runtime/asm_amd64.s:1373","msg":"Trying on port 22"}
{"level":"debug","time":"2021-02-22T15:54:13.792+0530","caller":"apiserver/setup.go:173","msg":"Starting API server for tunnel info on port: 63534"}
{"level":"debug","time":"2021-02-22T15:54:13.792+0530","caller":"runtime/asm_amd64.s:1373","msg":"Trying over ws"}
{"level":"debug","time":"2021-02-22T15:54:13.893+0530","caller":"custom/setup.go:645","msg":"sink proxy started at :9090"}
{"level":"debug","time":"2021-02-22T15:54:14.179+0530","caller":"runtime/asm_amd64.s:1373","msg":"WSS connection was successful"}
{"level":"debug","time":"2021-02-22T15:54:17.818+0530","caller":"runtime/asm_amd64.s:1373","msg":"SSH connection over ws successful"}
{"level":"debug","time":"2021-02-22T15:54:17.824+0530","caller":"runtime/asm_amd64.s:1373","msg":"SSH connection over port 443 successful"}
{"level":"debug","time":"2021-02-22T15:54:17.992+0530","caller":"runtime/asm_amd64.s:1373","msg":"SSH connection over port 22 successful"}
{"level":"info","time":"2021-02-22T15:54:17.992+0530","caller":"core/lifecycle.go:99","msg":"Using ssh(over_22) :: connection mode"}
{"level":"info","time":"2021-02-22T15:54:17.992+0530","caller":"cmd/lt.go:155","msg":"Launching tunnel"}
{"level":"debug","time":"2021-02-22T15:54:17.993+0530","caller":"core/lifecycle.go:208","msg":"Starting control ws connection at wss://ts.lambdatest.com/monitor"}
{"level":"debug","time":"2021-02-22T15:54:19.321+0530","caller":"core/lifecycle.go:208","msg":"Control ws channel opened"}
{"level":"debug","time":"2021-02-22T15:54:19.321+0530","caller":"runtime/asm_amd64.s:1373","msg":"Starting message listener on control connection"}
{"level":"debug","time":"2021-02-22T15:54:20.858+0530","caller":"runtime/asm_amd64.s:1373","msg":"Sending tunnel registered message to channels"}
{"level":"debug","time":"2021-02-22T15:54:20.858+0530","caller":"runtime/asm_amd64.s:1373","msg":"Tunnel registered message received on control channel"}
{"level":"debug","time":"2021-02-22T15:54:20.858+0530","caller":"runtime/asm_amd64.s:1373","msg":"controller bus registered"}
{"level":"debug","time":"2021-02-22T15:54:20.858+0530","caller":"core/lifecycle.go:257","msg":"Using 5 ssh connection"}
{"level":"debug","time":"2021-02-22T15:54:25.932+0530","caller":"runtime/asm_amd64.s:1373","msg":"Successfully started remote listener on port: 24905"}
{"level":"debug","time":"2021-02-22T15:54:26.113+0530","caller":"runtime/asm_amd64.s:1373","msg":"Successfully started remote listener on port: 18702"}
{"level":"info","time":"2021-02-22T15:54:26.113+0530","caller":"runtime/asm_amd64.s:1373","msg":"You can start testing now"}
{"level":"info","time":"2021-02-22T15:54:26.113+0530","caller":"runtime/asm_amd64.s:1373","msg":"Tunnel ID: 384127"}
{"level":"debug","time":"2021-02-22T15:54:26.113+0530","caller":"runtime/asm_amd64.s:1373","msg":"Remote Listener Started on Port 22502"}
{"level":"debug","time":"2021-02-22T15:54:26.533+0530","caller":"runtime/asm_amd64.s:1373","msg":"Successfully started remote listener on port: 18119"}
{"level":"debug","time":"2021-02-22T15:54:26.715+0530","caller":"runtime/asm_amd64.s:1373","msg":"Successfully started remote listener on port: 20281"}
{"level":"debug","time":"2021-02-22T15:54:26.733+0530","caller":"runtime/asm_amd64.s:1373","msg":"Successfully started remote listener on port: 20459"}
{"level":"debug","time":"2021-02-22T15:55:14.268+0530","caller":"cmd/lt.go:155","msg":"Context cancelled"}
{"level":"debug","time":"2021-02-22T15:55:14.268+0530","caller":"runtime/asm_amd64.s:1373","msg":"Shutting down the server"}
{"level":"info","time":"2021-02-22T15:55:14.268+0530","caller":"cmd/lt.go:155","msg":"Stopping tunnel"}
{"level":"debug","time":"2021-02-22T15:55:14.268+0530","caller":"custom/setup.go:645","msg":"Exiting the sink proxy"}
{"level":"debug","time":"2021-02-22T15:55:14.269+0530","caller":"runtime/asm_amd64.s:1373","msg":"Unusual close error on control channel..."}
{"level":"debug","time":"2021-02-22T15:55:14.269+0530","caller":"runtime/asm_amd64.s:1373","msg":"Write loop ended for control channel"}
